<?xml version="1.0" encoding="UTF-8"?>
<!-- Generated by org.testng.reporters.JUnitReportReporter -->
<testsuite hostname="Maisha" name="cool.CreatingListOfElement" tests="1" failures="0" timestamp="30 Jan 2015 17:59:26 GMT" time="10.119" errors="0">
  <testcase name="capturingLink" time="10.119" classname="cool.CreatingListOfElement"/>
</testsuite> <!-- cool.CreatingListOfElement -->
